Building DAG of jobs...
Creating report...
Missing metadata for file logs/final_pipeline_report.txt. Maybe metadata was deleted or it was created using an older version of Snakemake. This is a non critical warning.
Missing metadata for file data/taxonomy/new_taxdump.zip. Maybe metadata was deleted or it was created using an older version of Snakemake. This is a non critical warning.
Missing metadata for file data/taxonomy_ncbi/new_taxdump.zip/rankedlineage.dmp. Maybe metadata was deleted or it was created using an older version of Snakemake. This is a non critical warning.
Missing metadata for file data/taxonomy_ncbi/taxaname.csv. Maybe metadata was deleted or it was created using an older version of Snakemake. This is a non critical warning.
Missing metadata for file data/pathway_bakta/pathway.tsv. Maybe metadata was deleted or it was created using an older version of Snakemake. This is a non critical warning.
Missing metadata for file results/treatment/reads/3.Annotated/annotated_TD1_250101_reads.tsv. Maybe metadata was deleted or it was created using an older version of Snakemake. This is a non critical warning.
Missing metadata for file results/treatment/reads/2.Filtered/filtered_TD1_250101_reads.tsv. Maybe metadata was deleted or it was created using an older version of Snakemake. This is a non critical warning.
Missing metadata for file results/treatment/reads/1.Counted/counted_TD1_250101_reads.tsv. Maybe metadata was deleted or it was created using an older version of Snakemake. This is a non critical warning.
Missing metadata for file results/treatment/reads/3.Annotated/annotated_TD2_250101_reads.tsv. Maybe metadata was deleted or it was created using an older version of Snakemake. This is a non critical warning.
Missing metadata for file results/treatment/reads/2.Filtered/filtered_TD2_250101_reads.tsv. Maybe metadata was deleted or it was created using an older version of Snakemake. This is a non critical warning.
Missing metadata for file results/treatment/reads/1.Counted/counted_TD2_250101_reads.tsv. Maybe metadata was deleted or it was created using an older version of Snakemake. This is a non critical warning.
Missing metadata for file results/treatment/reads/3.Annotated/annotated_TD3_250101_reads.tsv. Maybe metadata was deleted or it was created using an older version of Snakemake. This is a non critical warning.
Missing metadata for file results/treatment/reads/2.Filtered/filtered_TD3_250101_reads.tsv. Maybe metadata was deleted or it was created using an older version of Snakemake. This is a non critical warning.
Missing metadata for file results/treatment/reads/1.Counted/counted_TD3_250101_reads.tsv. Maybe metadata was deleted or it was created using an older version of Snakemake. This is a non critical warning.
Missing metadata for file results/treatment/contigs/6.Annotated/annotated_TD1_250101_contigs.tsv. Maybe metadata was deleted or it was created using an older version of Snakemake. This is a non critical warning.
Missing metadata for file results/treatment/contigs/5.Union/union_TD1_250101_contigs.tsv. Maybe metadata was deleted or it was created using an older version of Snakemake. This is a non critical warning.
Missing metadata for file results/treatment/contigs/2.Filtered/filtered_TD1_250101_contigs.tsv. Maybe metadata was deleted or it was created using an older version of Snakemake. This is a non critical warning.
Missing metadata for file results/treatment/contigs/1.Counted/counted_TD1_250101_contigs.tsv. Maybe metadata was deleted or it was created using an older version of Snakemake. This is a non critical warning.
Missing metadata for file results/treatment/contigs/global_abundance_contigs.tsv. Maybe metadata was deleted or it was created using an older version of Snakemake. This is a non critical warning.
Missing metadata for file results/treatment/contigs/1.Counted/counted_TD2_250101_contigs.tsv. Maybe metadata was deleted or it was created using an older version of Snakemake. This is a non critical warning.
Missing metadata for file results/treatment/contigs/1.Counted/counted_TD3_250101_contigs.tsv. Maybe metadata was deleted or it was created using an older version of Snakemake. This is a non critical warning.
Missing metadata for file results/treatment/contigs/4.RPKM_Filtered/rpkm_filtered_TD1_250101_contigs.tsv. Maybe metadata was deleted or it was created using an older version of Snakemake. This is a non critical warning.
Missing metadata for file results/treatment/contigs/3.RPKM/rpkm_TD1_250101_contigs.tsv. Maybe metadata was deleted or it was created using an older version of Snakemake. This is a non critical warning.
Missing metadata for file results/treatment/contigs/6.Annotated/annotated_TD2_250101_contigs.tsv. Maybe metadata was deleted or it was created using an older version of Snakemake. This is a non critical warning.
Missing metadata for file results/treatment/contigs/5.Union/union_TD2_250101_contigs.tsv. Maybe metadata was deleted or it was created using an older version of Snakemake. This is a non critical warning.
Missing metadata for file results/treatment/contigs/2.Filtered/filtered_TD2_250101_contigs.tsv. Maybe metadata was deleted or it was created using an older version of Snakemake. This is a non critical warning.
Missing metadata for file results/treatment/contigs/4.RPKM_Filtered/rpkm_filtered_TD2_250101_contigs.tsv. Maybe metadata was deleted or it was created using an older version of Snakemake. This is a non critical warning.
Missing metadata for file results/treatment/contigs/3.RPKM/rpkm_TD2_250101_contigs.tsv. Maybe metadata was deleted or it was created using an older version of Snakemake. This is a non critical warning.
Missing metadata for file results/treatment/contigs/6.Annotated/annotated_TD3_250101_contigs.tsv. Maybe metadata was deleted or it was created using an older version of Snakemake. This is a non critical warning.
Missing metadata for file results/treatment/contigs/5.Union/union_TD3_250101_contigs.tsv. Maybe metadata was deleted or it was created using an older version of Snakemake. This is a non critical warning.
Missing metadata for file results/treatment/contigs/2.Filtered/filtered_TD3_250101_contigs.tsv. Maybe metadata was deleted or it was created using an older version of Snakemake. This is a non critical warning.
Missing metadata for file results/treatment/contigs/4.RPKM_Filtered/rpkm_filtered_TD3_250101_contigs.tsv. Maybe metadata was deleted or it was created using an older version of Snakemake. This is a non critical warning.
Missing metadata for file results/treatment/contigs/3.RPKM/rpkm_TD3_250101_contigs.tsv. Maybe metadata was deleted or it was created using an older version of Snakemake. This is a non critical warning.
Missing metadata for file results/treatment/kegg/023.Annotated/annotated_TD1_250101_kegg.tsv. Maybe metadata was deleted or it was created using an older version of Snakemake. This is a non critical warning.
Missing metadata for file results/treatment/kegg/022.Aggregated/stand_aggreg_TD1_250101_kegg.tsv. Maybe metadata was deleted or it was created using an older version of Snakemake. This is a non critical warning.
Missing metadata for file results/treatment/kegg/021.Standardized/standardized_TD1_250101_kegg.tsv. Maybe metadata was deleted or it was created using an older version of Snakemake. This is a non critical warning.
Missing metadata for file results/treatment/kegg/2.Intersected/intersected_TD1_250101_kegg.tsv. Maybe metadata was deleted or it was created using an older version of Snakemake. This is a non critical warning.
Missing metadata for file results/treatment/kegg/1.Extracted/extracted_TD1_250101_kegg.tsv. Maybe metadata was deleted or it was created using an older version of Snakemake. This is a non critical warning.
Missing metadata for file results/treatment/kegg/023.Annotated/annotated_TD2_250101_kegg.tsv. Maybe metadata was deleted or it was created using an older version of Snakemake. This is a non critical warning.
Missing metadata for file results/treatment/kegg/022.Aggregated/stand_aggreg_TD2_250101_kegg.tsv. Maybe metadata was deleted or it was created using an older version of Snakemake. This is a non critical warning.
Missing metadata for file results/treatment/kegg/021.Standardized/standardized_TD2_250101_kegg.tsv. Maybe metadata was deleted or it was created using an older version of Snakemake. This is a non critical warning.
Missing metadata for file results/treatment/kegg/2.Intersected/intersected_TD2_250101_kegg.tsv. Maybe metadata was deleted or it was created using an older version of Snakemake. This is a non critical warning.
Missing metadata for file results/treatment/kegg/1.Extracted/extracted_TD2_250101_kegg.tsv. Maybe metadata was deleted or it was created using an older version of Snakemake. This is a non critical warning.
Missing metadata for file results/treatment/kegg/023.Annotated/annotated_TD3_250101_kegg.tsv. Maybe metadata was deleted or it was created using an older version of Snakemake. This is a non critical warning.
Missing metadata for file results/treatment/kegg/022.Aggregated/stand_aggreg_TD3_250101_kegg.tsv. Maybe metadata was deleted or it was created using an older version of Snakemake. This is a non critical warning.
Missing metadata for file results/treatment/kegg/021.Standardized/standardized_TD3_250101_kegg.tsv. Maybe metadata was deleted or it was created using an older version of Snakemake. This is a non critical warning.
Missing metadata for file results/treatment/kegg/2.Intersected/intersected_TD3_250101_kegg.tsv. Maybe metadata was deleted or it was created using an older version of Snakemake. This is a non critical warning.
Missing metadata for file results/treatment/kegg/1.Extracted/extracted_TD3_250101_kegg.tsv. Maybe metadata was deleted or it was created using an older version of Snakemake. This is a non critical warning.
Missing metadata for file results/plots/heatmap/reads/Heatmap_reads.pdf. Maybe metadata was deleted or it was created using an older version of Snakemake. This is a non critical warning.
Missing metadata for file results/parquet/heatmap_reads.parquet. Maybe metadata was deleted or it was created using an older version of Snakemake. This is a non critical warning.
Missing metadata for file results/rds/reads/phyloseq_reads.rds. Maybe metadata was deleted or it was created using an older version of Snakemake. This is a non critical warning.
Missing metadata for file results/plots/heatmap/contigs/Heatmap_contigs.pdf. Maybe metadata was deleted or it was created using an older version of Snakemake. This is a non critical warning.
Missing metadata for file results/parquet/heatmap_contigs.parquet. Maybe metadata was deleted or it was created using an older version of Snakemake. This is a non critical warning.
Missing metadata for file results/rds/contigs/phyloseq_contigs.rds. Maybe metadata was deleted or it was created using an older version of Snakemake. This is a non critical warning.
Missing metadata for file results/plots/stackedbarplot/pathway/Stackedbarplot_pathway_abundance_kegg.pdf. Maybe metadata was deleted or it was created using an older version of Snakemake. This is a non critical warning.
Missing metadata for file results/parquet/stackedbarplot/pathway/stackedbarplot_pathway_abundance_kegg.parquet. Maybe metadata was deleted or it was created using an older version of Snakemake. This is a non critical warning.
Missing metadata for file results/plots/stackedbarplot/taxonomy/Stackedbarplot_taxonomy_reads.pdf. Maybe metadata was deleted or it was created using an older version of Snakemake. This is a non critical warning.
Missing metadata for file results/parquet/stackedbarplot/taxonomy/stackedbarplot_taxonomy_reads.parquet. Maybe metadata was deleted or it was created using an older version of Snakemake. This is a non critical warning.
Missing metadata for file results/plots/stackedbarplot/taxonomy/Stackedbarplot_taxonomy_contigs.pdf. Maybe metadata was deleted or it was created using an older version of Snakemake. This is a non critical warning.
Missing metadata for file results/parquet/stackedbarplot/taxonomy/stackedbarplot_taxonomy_contigs.parquet. Maybe metadata was deleted or it was created using an older version of Snakemake. This is a non critical warning.
Missing metadata for file results/plots/stackedbarplot/organisms/Stackedbarplot_organisms_abundance_reads.pdf. Maybe metadata was deleted or it was created using an older version of Snakemake. This is a non critical warning.
Missing metadata for file results/parquet/stackedbarplot/organisms/stackedbarplot_organisms_abundance_reads.parquet. Maybe metadata was deleted or it was created using an older version of Snakemake. This is a non critical warning.
Missing metadata for file results/plots/stackedbarplot/organisms/Stackedbarplot_organisms_abundance_contigs.pdf. Maybe metadata was deleted or it was created using an older version of Snakemake. This is a non critical warning.
Missing metadata for file results/parquet/stackedbarplot/organisms/stackedbarplot_organisms_abundance_contigs.parquet. Maybe metadata was deleted or it was created using an older version of Snakemake. This is a non critical warning.
Missing metadata for file results/plots/stackedbarplot/deseq2/Stackedbarplot_deseq2_contigs.pdf. Maybe metadata was deleted or it was created using an older version of Snakemake. This is a non critical warning.
Missing metadata for file results/parquet/stackedbarplot_deseq2_contigs.parquet. Maybe metadata was deleted or it was created using an older version of Snakemake. This is a non critical warning.
Missing metadata for file results/rds/contigs/deseq2_contigs.rds. Maybe metadata was deleted or it was created using an older version of Snakemake. This is a non critical warning.
Missing metadata for file results/parquet/contigs/deseq2_contigs.parquet. Maybe metadata was deleted or it was created using an older version of Snakemake. This is a non critical warning.
Missing metadata for file results/plots/stackedbarplot/deseq2/Stackedbarplot_deseq2_kegg.pdf. Maybe metadata was deleted or it was created using an older version of Snakemake. This is a non critical warning.
Missing metadata for file results/parquet/stackedbarplot_deseq2_kegg.parquet. Maybe metadata was deleted or it was created using an older version of Snakemake. This is a non critical warning.
Missing metadata for file results/rds/kegg/deseq2_kegg.rds. Maybe metadata was deleted or it was created using an older version of Snakemake. This is a non critical warning.
Missing metadata for file results/parquet/kegg/deseq2_kegg.parquet. Maybe metadata was deleted or it was created using an older version of Snakemake. This is a non critical warning.
Missing metadata for file results/treatment/kegg/3.Deseq2/deseq2_TD1_250101_kegg.tsv. Maybe metadata was deleted or it was created using an older version of Snakemake. This is a non critical warning.
Missing metadata for file results/treatment/kegg/3.Deseq2/deseq2_TD2_250101_kegg.tsv. Maybe metadata was deleted or it was created using an older version of Snakemake. This is a non critical warning.
Missing metadata for file results/treatment/kegg/3.Deseq2/deseq2_TD3_250101_kegg.tsv. Maybe metadata was deleted or it was created using an older version of Snakemake. This is a non critical warning.
Missing metadata for file results/rds/kegg/phyloseq_kegg.rds. Maybe metadata was deleted or it was created using an older version of Snakemake. This is a non critical warning.
Missing metadata for file results/plots/volcano/contigs/Volcano_deseq2_contigs.pdf. Maybe metadata was deleted or it was created using an older version of Snakemake. This is a non critical warning.
Missing metadata for file results/parquet/contigs/volcano_from_deseq2_contigs.parquet. Maybe metadata was deleted or it was created using an older version of Snakemake. This is a non critical warning.
Missing metadata for file results/plots/volcano/kegg/Volcano_deseq2_kegg.pdf. Maybe metadata was deleted or it was created using an older version of Snakemake. This is a non critical warning.
Missing metadata for file results/parquet/kegg/volcano_from_deseq2_kegg.parquet. Maybe metadata was deleted or it was created using an older version of Snakemake. This is a non critical warning.
Missing metadata for file results/plots/physico/Physico_plots.pdf. Maybe metadata was deleted or it was created using an older version of Snakemake. This is a non critical warning.
Missing metadata for file results/parquet/physico/physico_data.parquet. Maybe metadata was deleted or it was created using an older version of Snakemake. This is a non critical warning.
Report created.
